\BOOKMARK [1][-]{section.1}{\376\377\000U\000t\000i\000l\000i\000s\000a\000t\000i\000o\000n\000\040\000d\000e\000s\000\040\000o\000p\000\351\000r\000a\000t\000e\000u\000r\000s\000\040\000e\000n\000\040\000s\000c\000i\000e\000n\000c\000e\000s\000\040\000p\000h\000y\000s\000i\000q\000u\000e\000s}{}% 1
\BOOKMARK [2][-]{subsection.1.1}{\376\377\000G\000\351\000n\000\351\000r\000l\000i\000t\000\351\000s\000\040\000s\000u\000r\000\040\000l\000e\000s\000\040\000c\000h\000a\000m\000p\000s}{section.1}% 2
\BOOKMARK [2][-]{subsection.1.2}{\376\377\000O\000p\000\351\000r\000a\000t\000e\000u\000r\000\040\000v\000e\000c\000t\000o\000r\000i\000e\000l\000\040\000n\000a\000b\000l\000a}{section.1}% 3
\BOOKMARK [2][-]{subsection.1.3}{\376\377\000V\000e\000c\000t\000e\000u\000r\000\040\000g\000r\000a\000d\000i\000e\000n\000t\000\040\000d\000'\000u\000n\000\040\000c\000h\000a\000m\000p\000\040\000s\000c\000a\000l\000a\000i\000r\000e}{section.1}% 4
\BOOKMARK [2][-]{subsection.1.4}{\376\377\000P\000r\000o\000p\000r\000i\000\351\000t\000\351\000s\000\040\000f\000o\000n\000d\000a\000m\000e\000n\000t\000a\000l\000e\000s\000\040\000d\000u\000\040\000g\000r\000a\000d\000i\000e\000n\000t}{section.1}% 5
\BOOKMARK [2][-]{subsection.1.5}{\376\377\000E\000x\000p\000r\000e\000s\000s\000i\000o\000n\000\040\000d\000u\000\040\000g\000r\000a\000d\000i\000e\000n\000t\000\040\000e\000n\000\040\000c\000o\000o\000r\000d\000o\000n\000n\000\351\000e\000s\000\040\000c\000y\000c\000l\000i\000n\000d\000r\000o\000-\000p\000o\000l\000a\000i\000r\000e\000s}{section.1}% 6
\BOOKMARK [2][-]{subsection.1.6}{\376\377\000E\000x\000p\000r\000e\000s\000s\000i\000o\000n\000\040\000d\000u\000\040\000g\000r\000a\000d\000i\000e\000n\000t\000\040\000e\000n\000\040\000c\000o\000o\000r\000d\000o\000n\000n\000\351\000e\000s\000\040\000s\000p\000h\000\351\000r\000i\000q\000u\000e\000s}{section.1}% 7
\BOOKMARK [2][-]{subsection.1.7}{\376\377\000D\000i\000v\000e\000r\000g\000e\000n\000c\000e\000\040\000d\000'\000u\000n\000\040\000c\000h\000a\000m\000p\000\040\000v\000e\000c\000t\000o\000r\000i\000e\000l}{section.1}% 8
\BOOKMARK [2][-]{subsection.1.8}{\376\377\000P\000r\000o\000p\000r\000i\000\351\000t\000\351\000\040\000f\000o\000n\000d\000a\000m\000e\000n\000t\000a\000l\000e\000\040\000d\000e\000\040\000l\000a\000\040\000d\000i\000v\000e\000r\000g\000e\000n\000c\000e\000\040\000d\000'\000u\000n\000\040\000v\000e\000c\000t\000e\000u\000r\000\040\000e\000n\000\040\000M}{section.1}% 9
\BOOKMARK [2][-]{subsection.1.9}{\376\377\000T\000h\000\351\000o\000r\000\350\000m\000e\000\040\000d\000'\000O\000s\000t\000r\000o\000g\000r\000a\000s\000k\000i}{section.1}% 10
\BOOKMARK [2][-]{subsection.1.10}{\376\377\000R\000o\000t\000a\000t\000i\000o\000n\000n\000e\000l\000\040\000d\000'\000u\000n\000\040\000c\000h\000a\000m\000p\000\040\000v\000e\000c\000t\000o\000r\000i\000e\000l}{section.1}% 11
\BOOKMARK [2][-]{subsection.1.11}{\376\377\000P\000r\000o\000p\000r\000i\000\351\000t\000\351\000\040\000f\000o\000n\000d\000a\000m\000e\000n\000t\000a\000l\000e\000\040\000d\000u\000\040\000r\000o\000t\000a\000t\000i\000o\000n\000n\000e\000l\000e\000\040\000d\000'\000u\000n\000\040\000v\000e\000c\000t\000e\000u\000r\000\040\000e\000n\000\040\000M}{section.1}% 12
\BOOKMARK [2][-]{subsection.1.12}{\376\377\000T\000h\000\351\000o\000r\000\350\000m\000e\000\040\000d\000e\000\040\000S\000t\000o\000k\000e\000s}{section.1}% 13
\BOOKMARK [2][-]{subsection.1.13}{\376\377\000L\000a\000p\000l\000a\000c\000i\000e\000n\000\040\000d\000'\000u\000n\000\040\000c\000h\000a\000m\000p\000\040\000s\000c\000a\000l\000a\000i\000r\000e}{section.1}% 14
\BOOKMARK [2][-]{subsection.1.14}{\376\377\000L\000a\000p\000l\000a\000c\000i\000e\000n\000\040\000v\000e\000c\000t\000o\000r\000i\000e\000l\000\040\000d\000'\000u\000n\000\040\000c\000h\000a\000m\000p\000\040\000v\000e\000c\000t\000o\000r\000i\000e\000l}{section.1}% 15
\BOOKMARK [2][-]{subsection.1.15}{\376\377\000C\000h\000a\000m\000p\000\040\000\340\000\040\000c\000i\000r\000c\000u\000l\000a\000t\000i\000o\000n\000\040\000c\000o\000n\000s\000e\000r\000v\000a\000t\000i\000v\000e}{section.1}% 16
\BOOKMARK [2][-]{subsection.1.16}{\376\377\000C\000h\000a\000m\000p\000\040\000\340\000\040\000f\000l\000u\000x\000\040\000c\000o\000n\000s\000e\000r\000v\000a\000t\000i\000f}{section.1}% 17
\BOOKMARK [2][-]{subsection.1.17}{\376\377\000C\000o\000m\000p\000o\000s\000i\000t\000i\000o\000n\000\040\000d\000'\000o\000p\000\351\000r\000a\000t\000e\000u\000r\000s}{section.1}% 18
\BOOKMARK [2][-]{subsection.1.18}{\376\377\000O\000p\000\351\000r\000a\000t\000e\000u\000r\000s\000\040\000a\000p\000p\000l\000i\000q\000u\000\351\000s\000\040\000\340\000\040\000d\000e\000s\000\040\000p\000r\000o\000d\000u\000i\000t\000s}{section.1}% 19
\BOOKMARK [2][-]{subsection.1.19}{\376\377\000E\000x\000p\000r\000e\000s\000s\000i\000o\000n\000s\000\040\000e\000n\000\040\000c\000o\000o\000r\000d\000o\000n\000n\000\351\000e\000s\000\040\000c\000y\000l\000i\000n\000d\000r\000o\000-\000p\000o\000l\000a\000i\000r\000e\000s}{section.1}% 20
\BOOKMARK [2][-]{subsection.1.20}{\376\377\000E\000x\000p\000r\000e\000s\000s\000i\000o\000n\000s\000\040\000e\000n\000\040\000c\000o\000o\000r\000d\000o\000n\000n\000\351\000e\000s\000\040\000s\000p\000h\000\351\000r\000i\000q\000u\000e\000s}{section.1}% 21
\BOOKMARK [1][-]{section.2}{\376\377\000C\000h\000a\000m\000p\000\040\000\351\000l\000e\000c\000t\000r\000o\000s\000t\000a\000t\000i\000q\000u\000e\000\040\000d\000a\000n\000s\000\040\000l\000e\000\040\000v\000i\000d\000e}{}% 22
\BOOKMARK [2][-]{subsection.2.1}{\376\377\000C\000h\000a\000m\000p\000\040\000e\000l\000e\000c\000t\000r\000o\000s\000t\000a\000t\000i\000q\000u\000e}{section.2}% 23
\BOOKMARK [2][-]{subsection.2.2}{\376\377\000E\000x\000p\000r\000e\000s\000s\000i\000o\000n\000\040\000g\000\351\000n\000\351\000r\000a\000l\000\040\000d\000u\000\040\000v\000e\000c\000t\000e\000u\000r\000\040\000c\000h\000a\000m\000p\000\040\000e\000l\000e\000c\000t\000r\000o\000s\000t\000a\000t\000i\000q\000u\000e\000\040\000e\000n\000\040\000M}{section.2}% 24
\BOOKMARK [2][-]{subsection.2.3}{\376\377\000P\000o\000t\000e\000n\000t\000i\000e\000l\000\040\000\351\000l\000e\000c\000t\000r\000o\000s\000t\000a\000t\000i\000q\000u\000e\000\040\000e\000n\000\040\000M}{section.2}% 25
\BOOKMARK [2][-]{subsection.2.4}{\376\377\000T\000h\000\351\000o\000r\000\350\000m\000e\000\040\000d\000e\000\040\000G\000a\000u\000s\000s}{section.2}% 26
\BOOKMARK [2][-]{subsection.2.5}{\376\377\000R\000e\000l\000a\000t\000i\000o\000n\000\040\000d\000e\000\040\000P\000o\000i\000s\000s\000o\000n}{section.2}% 27
\BOOKMARK [2][-]{subsection.2.6}{\376\377\000L\000i\000g\000n\000e\000\040\000d\000e\000\040\000c\000h\000a\000m\000p\000\040\000d\000a\000n\000s\000\040\000u\000n\000e\000\040\000r\000\351\000g\000i\000o\000n\000\040\000v\000i\000d\000e\000\040\000d\000e\000\040\000c\000h\000a\000r\000g\000e}{section.2}% 28
\BOOKMARK [2][-]{subsection.2.7}{\376\377\000T\000h\000\351\000o\000r\000\350\000m\000e\000\040\000d\000e\000\040\000l\000'\000e\000x\000t\000r\000e\000m\000u\000m\000\040\000d\000e\000\040\000p\000o\000t\000e\000n\000t\000i\000e\000l}{section.2}% 29
\BOOKMARK [2][-]{subsection.2.8}{\376\377\000L\000e\000s\000\040\000d\000i\000f\000f\000\351\000r\000e\000n\000t\000e\000s\000\040\000m\000\351\000t\000h\000o\000d\000e\000s\000\040\000d\000e\000\040\000d\000\351\000t\000e\000r\000m\000i\000n\000a\000t\000i\000o\000n\000\040\000d\000'\000u\000n\000\040\000v\000e\000c\000t\000e\000u\000r\000\040\000c\000h\000a\000m\000p}{section.2}% 30
\BOOKMARK [2][-]{subsection.2.9}{\376\377\000C\000o\000n\000t\000i\000n\000u\000i\000t\000\351\000\040\000o\000u\000\040\000d\000i\000s\000c\000o\000n\000t\000i\000n\000u\000i\000t\000\351\000\040\000d\000e\000\040\000\040\000e\000t\000\040\000V}{section.2}% 31
\BOOKMARK [2][-]{subsection.2.10}{\376\377\000A\000n\000a\000l\000o\000g\000i\000e\000\040\000a\000v\000e\000c\000\040\000l\000a\000\040\000g\000r\000a\000v\000i\000t\000a\000t\000i\000o\000n}{section.2}% 32
\BOOKMARK [1][-]{subsection.2.10}{\376\377\000R\000\351\000f\000\351\000r\000e\000n\000c\000e\000s}{}% 33
